00:43:17.675 [main] INFO  main:41  - Its a tetragon
00:56:49.645 [main] INFO  TextCreator:38  - File successfully read
00:56:49.681 [main] INFO  main:40  - Its a tetragon
00:56:56.672 [main] INFO  TextCreator:38  - File successfully read
00:56:56.714 [main] INFO  main:40  - Its a tetragon
00:57:01.181 [main] INFO  TextCreator:38  - File successfully read
00:57:01.219 [main] INFO  main:40  - Its a tetragon
01:34:46.623 [main] INFO  TextCreator:38  - File successfully read
01:34:58.581 [main] INFO  TextCreator:38  - File successfully read
01:35:23.599 [main] INFO  TextCreator:38  - File successfully read
14:27:35.402 [main] INFO  TextCreator:38  - File successfully read
14:27:50.152 [main] INFO  TextCreator:38  - File successfully read
14:39:42.522 [main] ERROR TextCreator:52  - Incorrect symbol find
14:40:17.264 [main] ERROR TextCreator:52  - Incorrect symbol find
14:40:42.564 [main] ERROR TextCreator:52  - Incorrect symbol find
14:44:36.755 [main] ERROR TextCreator:52  - Incorrect symbol find
14:44:54.975 [main] ERROR TextCreator:52  - Incorrect symbol find
14:45:40.623 [main] ERROR TextCreator:52  - Incorrect symbol find
14:46:20.230 [main] ERROR TextCreator:52  - Incorrect symbol find
14:47:55.824 [main] INFO  TextCreator:38  - File successfully read
14:48:17.239 [main] INFO  TextCreator:38  - File successfully read
14:48:38.923 [main] INFO  TextCreator:38  - File successfully read
14:49:11.332 [main] INFO  TextCreator:38  - File successfully read
14:49:27.001 [main] INFO  TextCreator:38  - File successfully read
14:49:27.016 [main] ERROR TextCreator:52  - Incorrect symbol find
14:50:02.846 [main] INFO  TextCreator:38  - File successfully read
14:50:09.051 [main] INFO  TextCreator:38  - File successfully read
14:51:02.940 [main] INFO  TextCreator:38  - File successfully read
14:51:02.972 [main] ERROR TextCreator:52  - Incorrect symbol find
14:51:25.700 [main] INFO  TextCreator:38  - File successfully read
14:51:28.409 [main] INFO  TextCreator:38  - File successfully read
14:51:32.583 [main] INFO  TextCreator:38  - File successfully read
14:52:18.814 [main] INFO  TextCreator:38  - File successfully read
14:52:42.256 [main] INFO  TextCreator:38  - File successfully read
14:53:04.625 [main] INFO  TextCreator:38  - File successfully read
14:53:23.509 [main] INFO  TextCreator:38  - File successfully read
14:53:51.536 [main] INFO  TextCreator:38  - File successfully read
14:54:11.755 [main] INFO  TextCreator:38  - File successfully read
14:54:45.749 [main] INFO  TextCreator:38  - File successfully read
14:55:11.653 [main] INFO  TextCreator:38  - File successfully read
14:55:29.667 [main] INFO  TextCreator:38  - File successfully read
14:57:18.970 [main] INFO  TextCreator:38  - File successfully read
15:09:26.622 [main] INFO  TextCreator:38  - File successfully read
15:09:43.520 [main] INFO  TextCreator:38  - File successfully read
15:11:15.414 [main] INFO  TextCreator:38  - File successfully read
15:11:35.522 [main] INFO  TextCreator:38  - File successfully read
15:15:44.619 [main] INFO  TextCreator:38  - File successfully read
15:16:29.228 [main] INFO  TextCreator:38  - File successfully read
15:16:50.970 [main] INFO  TextCreator:38  - File successfully read
15:17:56.095 [main] INFO  TextCreator:38  - File successfully read
15:17:56.126 [main] INFO  TextCreator:38  - File successfully read
15:17:56.141 [main] INFO  TextCreator:38  - File successfully read
15:18:08.535 [main] INFO  TextCreator:38  - File successfully read
15:18:13.653 [main] INFO  TextCreator:38  - File successfully read
15:18:58.793 [main] INFO  TextCreator:38  - File successfully read
15:19:23.900 [main] INFO  TextCreator:38  - File successfully read
15:19:35.023 [main] INFO  TextCreator:38  - File successfully read
15:26:38.697 [main] INFO  TextCreator:38  - File successfully read
15:27:30.917 [main] INFO  TextCreator:38  - File successfully read
15:27:30.949 [main] INFO  TextCreator:38  - File successfully read
15:27:30.949 [main] INFO  TextCreator:38  - File successfully read
15:27:55.142 [main] INFO  TextCreator:38  - File successfully read
15:27:55.157 [main] INFO  TextCreator:38  - File successfully read
15:27:55.173 [main] INFO  TextCreator:38  - File successfully read
15:28:35.464 [main] INFO  TextCreator:38  - File successfully read
15:28:35.495 [main] INFO  TextCreator:38  - File successfully read
15:28:35.511 [main] INFO  TextCreator:38  - File successfully read
15:28:47.129 [main] INFO  TextCreator:38  - File successfully read
15:28:47.145 [main] INFO  TextCreator:38  - File successfully read
15:28:47.160 [main] INFO  TextCreator:38  - File successfully read
15:29:00.158 [main] INFO  TextCreator:38  - File successfully read
15:29:00.190 [main] INFO  TextCreator:38  - File successfully read
15:29:00.190 [main] INFO  TextCreator:38  - File successfully read
15:29:14.065 [main] INFO  TextCreator:38  - File successfully read
15:29:14.096 [main] INFO  TextCreator:38  - File successfully read
15:29:14.112 [main] INFO  TextCreator:38  - File successfully read
15:30:41.312 [main] INFO  TextCreator:38  - File successfully read
15:30:41.343 [main] INFO  TextCreator:38  - File successfully read
15:30:41.358 [main] INFO  TextCreator:38  - File successfully read
15:30:52.905 [main] INFO  TextCreator:38  - File successfully read
15:31:05.066 [main] INFO  TextCreator:38  - File successfully read
15:31:05.082 [main] INFO  TextCreator:38  - File successfully read
15:31:05.098 [main] INFO  TextCreator:38  - File successfully read
15:33:50.185 [main] INFO  TextCreator:38  - File successfully read
15:34:00.393 [main] INFO  TextCreator:38  - File successfully read
15:34:18.457 [main] INFO  TextCreator:38  - File successfully read
15:35:22.747 [main] INFO  TextCreator:38  - File successfully read
15:35:49.293 [main] INFO  TextCreator:38  - File successfully read
15:36:13.163 [main] INFO  TextCreator:38  - File successfully read
15:36:39.632 [main] INFO  TextCreator:38  - File successfully read
15:36:56.177 [main] INFO  TextCreator:38  - File successfully read
15:37:04.877 [main] INFO  TextCreator:38  - File successfully read
15:37:55.214 [main] INFO  TextCreator:38  - File successfully read
15:38:25.136 [main] INFO  TextCreator:38  - File successfully read
15:38:45.230 [main] INFO  TextCreator:38  - File successfully read
15:38:53.743 [main] INFO  TextCreator:38  - File successfully read
15:39:24.601 [main] INFO  TextCreator:38  - File successfully read
23:28:43.468 [main] INFO  TextCreator:38  - File successfully read
23:28:43.647 [main] INFO  TextCreator:38  - File successfully read
23:28:43.660 [main] INFO  TextCreator:38  - File successfully read
23:31:59.284 [main] INFO  TextCreator:38  - File successfully read
23:32:05.705 [main] INFO  TextCreator:38  - File successfully read
23:32:26.342 [main] INFO  TextCreator:38  - File successfully read
23:33:09.250 [main] INFO  TextCreator:38  - File successfully read
23:33:09.265 [main] INFO  TextCreator:38  - File successfully read
23:33:09.281 [main] INFO  TextCreator:38  - File successfully read
23:33:18.601 [main] INFO  TextCreator:38  - File successfully read
23:34:55.585 [main] INFO  TextCreator:38  - File successfully read
23:35:09.079 [main] INFO  TextCreator:38  - File successfully read
23:40:34.954 [main] INFO  TextCreator:56  - Expression calculated: 6.0
23:40:34.970 [main] INFO  TextCreator:56  - Expression calculated: 11.0
23:41:55.962 [main] INFO  TextCreator:38  - File successfully read
23:41:55.977 [main] INFO  TextCreator:105  - Expression converted: 13 4 +
23:41:55.977 [main] INFO  TextCreator:56  - Expression calculated: 17.0
